2026-04-30 03:47:06.720 INFO  [background-preinit] o.h.validator.internal.util.Version - HV000001: Hibernate Validator 8.0.1.Final
2026-04-30 03:47:06.766 INFO  [main] c.g.gymtracker.GymTrackerApplication - Starting GymTrackerApplication using Java 17.0.18 with PID 22384 (C:\Users\graph\IdeaProjects\gym-tracker\target\classes started by graph in C:\Users\graph\IdeaProjects\gym-tracker)
2026-04-30 03:47:06.766 DEBUG [main] c.g.gymtracker.GymTrackerApplication - Running with Spring Boot v3.2.3, Spring v6.1.4
2026-04-30 03:47:06.767 INFO  [main] c.g.gymtracker.GymTrackerApplication - No active profile set, falling back to 1 default profile: "default"
2026-04-30 03:47:07.453 INFO  [main] o.s.d.r.c.RepositoryConfigurationDelegate - Bootstrapping Spring Data JPA repositories in DEFAULT mode.
2026-04-30 03:47:07.508 INFO  [main] o.s.d.r.c.RepositoryConfigurationDelegate - Finished Spring Data repository scanning in 48 ms. Found 5 JPA repository interfaces.
2026-04-30 03:47:08.024 INFO  [main] o.s.b.w.e.tomcat.TomcatWebServer - Tomcat initialized with port 8080 (http)
2026-04-30 03:47:08.031 INFO  [main] o.a.coyote.http11.Http11NioProtocol - Initializing ProtocolHandler ["http-nio-8080"]
2026-04-30 03:47:08.032 INFO  [main] o.a.catalina.core.StandardService - Starting service [Tomcat]
2026-04-30 03:47:08.032 INFO  [main] o.a.catalina.core.StandardEngine - Starting Servlet engine: [Apache Tomcat/10.1.19]
2026-04-30 03:47:08.086 INFO  [main] o.a.c.c.C.[Tomcat].[localhost].[/] - Initializing Spring embedded WebApplicationContext
2026-04-30 03:47:08.086 INFO  [main] o.s.b.w.s.c.ServletWebServerApplicationContext - Root WebApplicationContext: initialization completed in 1274 ms
2026-04-30 03:47:08.213 INFO  [main] o.h.jpa.internal.util.LogHelper - HHH000204: Processing PersistenceUnitInfo [name: default]
2026-04-30 03:47:08.261 INFO  [main] org.hibernate.Version - HHH000412: Hibernate ORM core version 6.4.4.Final
2026-04-30 03:47:08.290 INFO  [main] o.h.c.i.RegionFactoryInitiator - HHH000026: Second-level cache disabled
2026-04-30 03:47:08.460 INFO  [main] o.s.o.j.p.SpringPersistenceUnitInfo - No LoadTimeWeaver setup: ignoring JPA class transformer
2026-04-30 03:47:08.485 INFO  [main] com.zaxxer.hikari.HikariDataSource - HikariPool-1 - Starting...
2026-04-30 03:47:08.626 INFO  [main] com.zaxxer.hikari.pool.HikariPool - HikariPool-1 - Added connection org.postgresql.jdbc.PgConnection@37cf91d8
2026-04-30 03:47:08.627 INFO  [main] com.zaxxer.hikari.HikariDataSource - HikariPool-1 - Start completed.
2026-04-30 03:47:08.653 WARN  [main] org.hibernate.orm.deprecation - HHH90000025: PostgreSQLDialect does not need to be specified explicitly using 'hibernate.dialect' (remove the property setting and it will be selected by default)
2026-04-30 03:47:09.500 INFO  [main] o.h.e.t.j.p.i.JtaPlatformInitiator - HHH000489: No JTA platform available (set 'hibernate.transaction.jta.platform' to enable JTA platform integration)
2026-04-30 03:47:09.590 INFO  [main] o.s.o.j.LocalContainerEntityManagerFactoryBean - Initialized JPA EntityManagerFactory for persistence unit 'default'
2026-04-30 03:47:09.861 INFO  [main] o.s.d.j.r.query.QueryEnhancerFactory - Hibernate is in classpath; If applicable, HQL parser will be used.
2026-04-30 03:47:10.559 WARN  [main] o.s.b.a.o.j.JpaBaseConfiguration$JpaWebConfiguration - spring.jpa.open-in-view is enabled by default. Therefore, database queries may be performed during view rendering. Explicitly configure spring.jpa.open-in-view to disable this warning
2026-04-30 03:47:10.993 INFO  [main] o.a.coyote.http11.Http11NioProtocol - Starting ProtocolHandler ["http-nio-8080"]
2026-04-30 03:47:11.008 INFO  [main] o.s.b.w.e.tomcat.TomcatWebServer - Tomcat started on port 8080 (http) with context path ''
2026-04-30 03:47:11.016 INFO  [main] c.g.gymtracker.GymTrackerApplication - Started GymTrackerApplication in 4.722 seconds (process running for 5.222)
2026-04-30 03:47:14.243 INFO  [http-nio-8080-exec-1] o.a.c.c.C.[Tomcat].[localhost].[/] - Initializing Spring DispatcherServlet 'dispatcherServlet'
2026-04-30 03:47:14.243 INFO  [http-nio-8080-exec-1] o.s.web.servlet.DispatcherServlet - Initializing Servlet 'dispatcherServlet'
2026-04-30 03:47:14.243 INFO  [http-nio-8080-exec-1] o.s.web.servlet.DispatcherServlet - Completed initialization in 0 ms
2026-04-30 03:47:14.421 DEBUG [http-nio-8080-exec-2] org.hibernate.SQL - 
    select
        u1_0.id,
        u1_0.email,
        u1_0.username,
        w1_0.user_id,
        w1_0.id,
        w1_0.name,
        w1_0.workout_date 
    from
        users u1_0 
    left join
        workouts w1_0 
            on u1_0.id=w1_0.user_id
2026-04-30 03:47:14.421 DEBUG [http-nio-8080-exec-4] org.hibernate.SQL - 
    select
        e1_0.id,
        c1_0.exercise_id,
        c1_1.id,
        c1_1.name,
        e1_0.description,
        e1_0.name 
    from
        exercises e1_0 
    left join
        exercise_categories c1_0 
            on e1_0.id=c1_0.exercise_id 
    left join
        categories c1_1 
            on c1_1.id=c1_0.category_id
2026-04-30 03:47:14.421 DEBUG [http-nio-8080-exec-1] org.hibernate.SQL - 
    select
        ws1_0.id,
        e1_0.id,
        e1_0.description,
        e1_0.name,
        ws1_0.name,
        ws1_0.reps,
        ws1_0.weight,
        w1_0.id,
        w1_0.name,
        w1_0.user_id,
        w1_0.workout_date 
    from
        workout_sets ws1_0 
    left join
        exercises e1_0 
            on e1_0.id=ws1_0.exercise_id 
    left join
        workouts w1_0 
            on w1_0.id=ws1_0.workout_id
2026-04-30 03:47:14.421 DEBUG [http-nio-8080-exec-3] org.hibernate.SQL - 
    select
        w1_0.id,
        w1_0.name,
        u1_0.id,
        u1_0.email,
        u1_0.username,
        w1_0.workout_date 
    from
        workouts w1_0 
    left join
        users u1_0 
            on u1_0.id=w1_0.user_id
2026-04-30 03:47:14.450 INFO  [http-nio-8080-exec-1] c.g.g.a.ServiceExecutionLoggingAspect - Service method WorkoutSetService.findAll() executed in 132 ms
2026-04-30 03:47:14.450 INFO  [http-nio-8080-exec-3] c.g.g.a.ServiceExecutionLoggingAspect - Service method WorkoutService.findAll() executed in 132 ms
2026-04-30 03:47:14.450 INFO  [http-nio-8080-exec-2] c.g.g.a.ServiceExecutionLoggingAspect - Service method UserService.findAll() executed in 133 ms
2026-04-30 03:47:14.450 INFO  [http-nio-8080-exec-4] c.g.g.a.ServiceExecutionLoggingAspect - Service method ExerciseService.findAll() executed in 133 ms
2026-04-30 03:47:15.041 DEBUG [http-nio-8080-exec-6] org.hibernate.SQL - 
    select
        w1_0.id,
        w1_0.name,
        u1_0.id,
        u1_0.email,
        u1_0.username,
        w1_0.workout_date 
    from
        workouts w1_0 
    left join
        users u1_0 
            on u1_0.id=w1_0.user_id
2026-04-30 03:47:15.044 INFO  [http-nio-8080-exec-6] c.g.g.a.ServiceExecutionLoggingAspect - Service method WorkoutService.findAll() executed in 5 ms
2026-04-30 03:47:15.044 DEBUG [http-nio-8080-exec-7] org.hibernate.SQL - 
    select
        e1_0.id,
        c1_0.exercise_id,
        c1_1.id,
        c1_1.name,
        e1_0.description,
        e1_0.name 
    from
        exercises e1_0 
    left join
        exercise_categories c1_0 
            on e1_0.id=c1_0.exercise_id 
    left join
        categories c1_1 
            on c1_1.id=c1_0.category_id
2026-04-30 03:47:15.045 DEBUG [http-nio-8080-exec-8] org.hibernate.SQL - 
    select
        ws1_0.id,
        e1_0.id,
        e1_0.description,
        e1_0.name,
        ws1_0.name,
        ws1_0.reps,
        ws1_0.weight,
        w1_0.id,
        w1_0.name,
        w1_0.user_id,
        w1_0.workout_date 
    from
        workout_sets ws1_0 
    left join
        exercises e1_0 
            on e1_0.id=ws1_0.exercise_id 
    left join
        workouts w1_0 
            on w1_0.id=ws1_0.workout_id
2026-04-30 03:47:15.045 DEBUG [http-nio-8080-exec-5] org.hibernate.SQL - 
    select
        u1_0.id,
        u1_0.email,
        u1_0.username,
        w1_0.user_id,
        w1_0.id,
        w1_0.name,
        w1_0.workout_date 
    from
        users u1_0 
    left join
        workouts w1_0 
            on u1_0.id=w1_0.user_id
2026-04-30 03:47:15.047 INFO  [http-nio-8080-exec-5] c.g.g.a.ServiceExecutionLoggingAspect - Service method UserService.findAll() executed in 8 ms
2026-04-30 03:47:15.050 INFO  [http-nio-8080-exec-8] c.g.g.a.ServiceExecutionLoggingAspect - Service method WorkoutSetService.findAll() executed in 9 ms
2026-04-30 03:47:15.052 INFO  [http-nio-8080-exec-7] c.g.g.a.ServiceExecutionLoggingAspect - Service method ExerciseService.findAll() executed in 11 ms
2026-04-30 03:47:17.981 DEBUG [http-nio-8080-exec-10] org.hibernate.SQL - 
    select
        c1_0.id,
        c1_0.name 
    from
        categories c1_0
2026-04-30 03:47:18.000 INFO  [http-nio-8080-exec-10] c.g.g.a.ServiceExecutionLoggingAspect - Service method CategoryService.findAll() executed in 21 ms
2026-04-30 03:47:18.007 DEBUG [http-nio-8080-exec-9] org.hibernate.SQL - 
    select
        w1_0.id,
        w1_0.name,
        w1_0.user_id,
        w1_0.workout_date 
    from
        workouts w1_0 
    where
        w1_0.id=?
2026-04-30 03:47:18.010 INFO  [http-nio-8080-exec-9] c.g.g.a.ServiceExecutionLoggingAspect - Service method WorkoutService.findById(..) executed in 13 ms
2026-04-30 03:47:37.751 DEBUG [http-nio-8080-exec-2] org.hibernate.SQL - 
    select
        w1_0.id,
        w1_0.name,
        w1_0.user_id,
        w1_0.workout_date 
    from
        workouts w1_0 
    where
        w1_0.id=?
2026-04-30 03:47:37.751 DEBUG [http-nio-8080-exec-2] org.hibernate.SQL - 
    select
        e1_0.id,
        e1_0.description,
        e1_0.name 
    from
        exercises e1_0 
    where
        e1_0.id=?
2026-04-30 03:47:37.772 DEBUG [http-nio-8080-exec-2] org.hibernate.SQL - 
    insert 
    into
        workout_sets
        (exercise_id, name, reps, weight, workout_id) 
    values
        (?, ?, ?, ?, ?)
2026-04-30 03:47:37.778 DEBUG [http-nio-8080-exec-2] c.g.g.service.WorkoutSetService - WorkoutSet search cache invalidated. Entries before clear: 0
2026-04-30 03:47:37.778 INFO  [http-nio-8080-exec-2] c.g.g.a.ServiceExecutionLoggingAspect - Service method WorkoutSetService.create(..) executed in 27 ms
2026-04-30 03:47:37.793 DEBUG [http-nio-8080-exec-3] org.hibernate.SQL - 
    select
        ws1_0.id,
        e1_0.id,
        e1_0.description,
        e1_0.name,
        ws1_0.name,
        ws1_0.reps,
        ws1_0.weight,
        w1_0.id,
        w1_0.name,
        w1_0.user_id,
        w1_0.workout_date 
    from
        workout_sets ws1_0 
    left join
        exercises e1_0 
            on e1_0.id=ws1_0.exercise_id 
    left join
        workouts w1_0 
            on w1_0.id=ws1_0.workout_id
2026-04-30 03:47:37.793 INFO  [http-nio-8080-exec-3] c.g.g.a.ServiceExecutionLoggingAspect - Service method WorkoutSetService.findAll() executed in 0 ms
2026-04-30 03:47:55.566 DEBUG [http-nio-8080-exec-1] org.hibernate.SQL - 
    select
        e1_0.id,
        c1_0.exercise_id,
        c1_1.id,
        c1_1.name,
        e1_0.description,
        e1_0.name 
    from
        exercises e1_0 
    left join
        exercise_categories c1_0 
            on e1_0.id=c1_0.exercise_id 
    left join
        categories c1_1 
            on c1_1.id=c1_0.category_id
2026-04-30 03:47:55.566 DEBUG [http-nio-8080-exec-4] org.hibernate.SQL - 
    select
        w1_0.id,
        w1_0.name,
        u1_0.id,
        u1_0.email,
        u1_0.username,
        w1_0.workout_date 
    from
        workouts w1_0 
    left join
        users u1_0 
            on u1_0.id=w1_0.user_id
2026-04-30 03:47:55.569 INFO  [http-nio-8080-exec-1] c.g.g.a.ServiceExecutionLoggingAspect - Service method ExerciseService.findAll() executed in 3 ms
2026-04-30 03:47:55.570 DEBUG [http-nio-8080-exec-5] org.hibernate.SQL - 
    select
        c1_0.id,
        c1_0.name 
    from
        categories c1_0
2026-04-30 03:47:55.570 INFO  [http-nio-8080-exec-4] c.g.g.a.ServiceExecutionLoggingAspect - Service method WorkoutService.findAll() executed in 4 ms
2026-04-30 03:47:55.573 INFO  [http-nio-8080-exec-5] c.g.g.a.ServiceExecutionLoggingAspect - Service method CategoryService.findAll() executed in 5 ms
2026-04-30 03:47:55.573 DEBUG [http-nio-8080-exec-6] org.hibernate.SQL - 
    select
        u1_0.id,
        u1_0.email,
        u1_0.username,
        w1_0.user_id,
        w1_0.id,
        w1_0.name,
        w1_0.workout_date 
    from
        users u1_0 
    left join
        workouts w1_0 
            on u1_0.id=w1_0.user_id
2026-04-30 03:47:55.575 INFO  [http-nio-8080-exec-6] c.g.g.a.ServiceExecutionLoggingAspect - Service method UserService.findAll() executed in 7 ms
2026-04-30 03:48:00.703 DEBUG [http-nio-8080-exec-8] org.hibernate.SQL - 
    select
        ws1_0.id,
        ws1_0.exercise_id,
        ws1_0.name,
        ws1_0.reps,
        ws1_0.weight,
        ws1_0.workout_id 
    from
        workout_sets ws1_0 
    where
        ws1_0.id=?
2026-04-30 03:48:00.703 DEBUG [http-nio-8080-exec-8] c.g.g.service.WorkoutSetService - WorkoutSet search cache invalidated. Entries before clear: 0
2026-04-30 03:48:00.703 INFO  [http-nio-8080-exec-8] c.g.g.a.ServiceExecutionLoggingAspect - Service method WorkoutSetService.delete(..) executed in 0 ms
2026-04-30 03:48:00.711 DEBUG [http-nio-8080-exec-8] org.hibernate.SQL - 
    delete 
    from
        workout_sets 
    where
        id=?
2026-04-30 03:48:00.727 DEBUG [http-nio-8080-exec-7] org.hibernate.SQL - 
    select
        ws1_0.id,
        e1_0.id,
        e1_0.description,
        e1_0.name,
        ws1_0.name,
        ws1_0.reps,
        ws1_0.weight,
        w1_0.id,
        w1_0.name,
        w1_0.user_id,
        w1_0.workout_date 
    from
        workout_sets ws1_0 
    left join
        exercises e1_0 
            on e1_0.id=ws1_0.exercise_id 
    left join
        workouts w1_0 
            on w1_0.id=ws1_0.workout_id
2026-04-30 03:48:00.727 INFO  [http-nio-8080-exec-7] c.g.g.a.ServiceExecutionLoggingAspect - Service method WorkoutSetService.findAll() executed in 0 ms
2026-04-30 03:48:02.833 DEBUG [http-nio-8080-exec-10] org.hibernate.SQL - 
    select
        ws1_0.id,
        ws1_0.exercise_id,
        ws1_0.name,
        ws1_0.reps,
        ws1_0.weight,
        ws1_0.workout_id 
    from
        workout_sets ws1_0 
    where
        ws1_0.id=?
2026-04-30 03:48:02.833 DEBUG [http-nio-8080-exec-10] c.g.g.service.WorkoutSetService - WorkoutSet search cache invalidated. Entries before clear: 0
2026-04-30 03:48:02.833 INFO  [http-nio-8080-exec-10] c.g.g.a.ServiceExecutionLoggingAspect - Service method WorkoutSetService.delete(..) executed in 0 ms
2026-04-30 03:48:02.833 DEBUG [http-nio-8080-exec-10] org.hibernate.SQL - 
    delete 
    from
        workout_sets 
    where
        id=?
2026-04-30 03:48:02.849 DEBUG [http-nio-8080-exec-9] org.hibernate.SQL - 
    select
        ws1_0.id,
        e1_0.id,
        e1_0.description,
        e1_0.name,
        ws1_0.name,
        ws1_0.reps,
        ws1_0.weight,
        w1_0.id,
        w1_0.name,
        w1_0.user_id,
        w1_0.workout_date 
    from
        workout_sets ws1_0 
    left join
        exercises e1_0 
            on e1_0.id=ws1_0.exercise_id 
    left join
        workouts w1_0 
            on w1_0.id=ws1_0.workout_id
2026-04-30 03:48:02.849 INFO  [http-nio-8080-exec-9] c.g.g.a.ServiceExecutionLoggingAspect - Service method WorkoutSetService.findAll() executed in 0 ms
2026-04-30 03:48:04.956 DEBUG [http-nio-8080-exec-2] org.hibernate.SQL - 
    select
        ws1_0.id,
        ws1_0.exercise_id,
        ws1_0.name,
        ws1_0.reps,
        ws1_0.weight,
        ws1_0.workout_id 
    from
        workout_sets ws1_0 
    where
        ws1_0.id=?
2026-04-30 03:48:04.956 DEBUG [http-nio-8080-exec-2] c.g.g.service.WorkoutSetService - WorkoutSet search cache invalidated. Entries before clear: 0
2026-04-30 03:48:04.956 INFO  [http-nio-8080-exec-2] c.g.g.a.ServiceExecutionLoggingAspect - Service method WorkoutSetService.delete(..) executed in 0 ms
2026-04-30 03:48:04.956 DEBUG [http-nio-8080-exec-2] org.hibernate.SQL - 
    delete 
    from
        workout_sets 
    where
        id=?
2026-04-30 03:48:04.970 DEBUG [http-nio-8080-exec-3] org.hibernate.SQL - 
    select
        ws1_0.id,
        e1_0.id,
        e1_0.description,
        e1_0.name,
        ws1_0.name,
        ws1_0.reps,
        ws1_0.weight,
        w1_0.id,
        w1_0.name,
        w1_0.user_id,
        w1_0.workout_date 
    from
        workout_sets ws1_0 
    left join
        exercises e1_0 
            on e1_0.id=ws1_0.exercise_id 
    left join
        workouts w1_0 
            on w1_0.id=ws1_0.workout_id
2026-04-30 03:48:04.970 INFO  [http-nio-8080-exec-3] c.g.g.a.ServiceExecutionLoggingAspect - Service method WorkoutSetService.findAll() executed in 0 ms
2026-04-30 03:48:06.742 DEBUG [http-nio-8080-exec-1] org.hibernate.SQL - 
    select
        ws1_0.id,
        ws1_0.exercise_id,
        ws1_0.name,
        ws1_0.reps,
        ws1_0.weight,
        ws1_0.workout_id 
    from
        workout_sets ws1_0 
    where
        ws1_0.id=?
2026-04-30 03:48:06.742 DEBUG [http-nio-8080-exec-1] c.g.g.service.WorkoutSetService - WorkoutSet search cache invalidated. Entries before clear: 0
2026-04-30 03:48:06.742 INFO  [http-nio-8080-exec-1] c.g.g.a.ServiceExecutionLoggingAspect - Service method WorkoutSetService.delete(..) executed in 0 ms
2026-04-30 03:48:06.742 DEBUG [http-nio-8080-exec-1] org.hibernate.SQL - 
    delete 
    from
        workout_sets 
    where
        id=?
2026-04-30 03:48:06.751 DEBUG [http-nio-8080-exec-5] org.hibernate.SQL - 
    select
        ws1_0.id,
        e1_0.id,
        e1_0.description,
        e1_0.name,
        ws1_0.name,
        ws1_0.reps,
        ws1_0.weight,
        w1_0.id,
        w1_0.name,
        w1_0.user_id,
        w1_0.workout_date 
    from
        workout_sets ws1_0 
    left join
        exercises e1_0 
            on e1_0.id=ws1_0.exercise_id 
    left join
        workouts w1_0 
            on w1_0.id=ws1_0.workout_id
2026-04-30 03:48:06.758 INFO  [http-nio-8080-exec-5] c.g.g.a.ServiceExecutionLoggingAspect - Service method WorkoutSetService.findAll() executed in 7 ms
2026-04-30 03:48:08.206 DEBUG [http-nio-8080-exec-6] org.hibernate.SQL - 
    select
        ws1_0.id,
        ws1_0.exercise_id,
        ws1_0.name,
        ws1_0.reps,
        ws1_0.weight,
        ws1_0.workout_id 
    from
        workout_sets ws1_0 
    where
        ws1_0.id=?
2026-04-30 03:48:08.209 DEBUG [http-nio-8080-exec-6] c.g.g.service.WorkoutSetService - WorkoutSet search cache invalidated. Entries before clear: 0
2026-04-30 03:48:08.209 INFO  [http-nio-8080-exec-6] c.g.g.a.ServiceExecutionLoggingAspect - Service method WorkoutSetService.delete(..) executed in 3 ms
2026-04-30 03:48:08.209 DEBUG [http-nio-8080-exec-6] org.hibernate.SQL - 
    delete 
    from
        workout_sets 
    where
        id=?
2026-04-30 03:48:08.229 DEBUG [http-nio-8080-exec-4] org.hibernate.SQL - 
    select
        ws1_0.id,
        e1_0.id,
        e1_0.description,
        e1_0.name,
        ws1_0.name,
        ws1_0.reps,
        ws1_0.weight,
        w1_0.id,
        w1_0.name,
        w1_0.user_id,
        w1_0.workout_date 
    from
        workout_sets ws1_0 
    left join
        exercises e1_0 
            on e1_0.id=ws1_0.exercise_id 
    left join
        workouts w1_0 
            on w1_0.id=ws1_0.workout_id
2026-04-30 03:48:08.230 INFO  [http-nio-8080-exec-4] c.g.g.a.ServiceExecutionLoggingAspect - Service method WorkoutSetService.findAll() executed in 2 ms
2026-04-30 03:48:13.361 DEBUG [http-nio-8080-exec-8] org.hibernate.SQL - 
    select
        w1_0.id,
        w1_0.name,
        w1_0.user_id,
        w1_0.workout_date 
    from
        workouts w1_0 
    where
        w1_0.id=?
2026-04-30 03:48:13.364 INFO  [http-nio-8080-exec-8] c.g.g.a.ServiceExecutionLoggingAspect - Service method WorkoutService.findById(..) executed in 3 ms
2026-04-30 03:48:35.153 DEBUG [http-nio-8080-exec-7] org.hibernate.SQL - 
    select
        e1_0.id,
        c1_0.exercise_id,
        c1_1.id,
        c1_1.name,
        e1_0.description,
        e1_0.name 
    from
        exercises e1_0 
    left join
        exercise_categories c1_0 
            on e1_0.id=c1_0.exercise_id 
    left join
        categories c1_1 
            on c1_1.id=c1_0.category_id
2026-04-30 03:48:35.153 DEBUG [http-nio-8080-exec-10] org.hibernate.SQL - 
    select
        c1_0.id,
        c1_0.name 
    from
        categories c1_0
2026-04-30 03:48:35.157 INFO  [http-nio-8080-exec-10] c.g.g.a.ServiceExecutionLoggingAspect - Service method CategoryService.findAll() executed in 4 ms
2026-04-30 03:48:35.159 INFO  [http-nio-8080-exec-7] c.g.g.a.ServiceExecutionLoggingAspect - Service method ExerciseService.findAll() executed in 5 ms
2026-04-30 03:48:45.936 DEBUG [http-nio-8080-exec-9] org.hibernate.SQL - 
    insert 
    into
        categories
        (name) 
    values
        (?)
2026-04-30 03:48:45.940 INFO  [http-nio-8080-exec-9] c.g.g.a.ServiceExecutionLoggingAspect - Service method CategoryService.create(..) executed in 4 ms
2026-04-30 03:48:45.949 DEBUG [http-nio-8080-exec-2] org.hibernate.SQL - 
    select
        c1_0.id,
        c1_0.name 
    from
        categories c1_0
2026-04-30 03:48:45.949 INFO  [http-nio-8080-exec-2] c.g.g.a.ServiceExecutionLoggingAspect - Service method CategoryService.findAll() executed in 0 ms
2026-04-30 03:48:50.391 DEBUG [http-nio-8080-exec-5] org.hibernate.SQL - 
    select
        ws1_0.id,
        e1_0.id,
        e1_0.description,
        e1_0.name,
        ws1_0.name,
        ws1_0.reps,
        ws1_0.weight,
        w1_0.id,
        w1_0.name,
        w1_0.user_id,
        w1_0.workout_date 
    from
        workout_sets ws1_0 
    left join
        exercises e1_0 
            on e1_0.id=ws1_0.exercise_id 
    left join
        workouts w1_0 
            on w1_0.id=ws1_0.workout_id
2026-04-30 03:48:50.391 DEBUG [http-nio-8080-exec-1] org.hibernate.SQL - 
    select
        u1_0.id,
        u1_0.email,
        u1_0.username,
        w1_0.user_id,
        w1_0.id,
        w1_0.name,
        w1_0.workout_date 
    from
        users u1_0 
    left join
        workouts w1_0 
            on u1_0.id=w1_0.user_id
2026-04-30 03:48:50.393 DEBUG [http-nio-8080-exec-3] org.hibernate.SQL - 
    select
        w1_0.id,
        w1_0.name,
        u1_0.id,
        u1_0.email,
        u1_0.username,
        w1_0.workout_date 
    from
        workouts w1_0 
    left join
        users u1_0 
            on u1_0.id=w1_0.user_id
2026-04-30 03:48:50.393 INFO  [http-nio-8080-exec-5] c.g.g.a.ServiceExecutionLoggingAspect - Service method WorkoutSetService.findAll() executed in 8 ms
2026-04-30 03:48:50.393 INFO  [http-nio-8080-exec-3] c.g.g.a.ServiceExecutionLoggingAspect - Service method WorkoutService.findAll() executed in 8 ms
2026-04-30 03:48:50.396 INFO  [http-nio-8080-exec-1] c.g.g.a.ServiceExecutionLoggingAspect - Service method UserService.findAll() executed in 11 ms
2026-04-30 03:48:52.163 DEBUG [http-nio-8080-exec-6] org.hibernate.SQL - 
    select
        w1_0.id,
        w1_0.name,
        w1_0.user_id,
        w1_0.workout_date 
    from
        workouts w1_0 
    where
        w1_0.id=?
2026-04-30 03:48:52.163 INFO  [http-nio-8080-exec-6] c.g.g.a.ServiceExecutionLoggingAspect - Service method WorkoutService.findById(..) executed in 0 ms
2026-04-30 03:49:28.017 DEBUG [http-nio-8080-exec-4] org.hibernate.SQL - 
    select
        w1_0.id,
        w1_0.name,
        w1_0.user_id,
        w1_0.workout_date 
    from
        workouts w1_0 
    where
        w1_0.id=?
2026-04-30 03:49:28.017 DEBUG [http-nio-8080-exec-4] org.hibernate.SQL - 
    select
        e1_0.id,
        e1_0.description,
        e1_0.name 
    from
        exercises e1_0 
    where
        e1_0.id=?
2026-04-30 03:49:28.025 DEBUG [http-nio-8080-exec-4] org.hibernate.SQL - 
    insert 
    into
        workout_sets
        (exercise_id, name, reps, weight, workout_id) 
    values
        (?, ?, ?, ?, ?)
2026-04-30 03:49:28.025 DEBUG [http-nio-8080-exec-4] c.g.g.service.WorkoutSetService - WorkoutSet search cache invalidated. Entries before clear: 0
2026-04-30 03:49:28.025 INFO  [http-nio-8080-exec-4] c.g.g.a.ServiceExecutionLoggingAspect - Service method WorkoutSetService.create(..) executed in 8 ms
2026-04-30 03:49:28.039 DEBUG [http-nio-8080-exec-8] org.hibernate.SQL - 
    select
        ws1_0.id,
        e1_0.id,
        e1_0.description,
        e1_0.name,
        ws1_0.name,
        ws1_0.reps,
        ws1_0.weight,
        w1_0.id,
        w1_0.name,
        w1_0.user_id,
        w1_0.workout_date 
    from
        workout_sets ws1_0 
    left join
        exercises e1_0 
            on e1_0.id=ws1_0.exercise_id 
    left join
        workouts w1_0 
            on w1_0.id=ws1_0.workout_id
2026-04-30 03:49:28.039 INFO  [http-nio-8080-exec-8] c.g.g.a.ServiceExecutionLoggingAspect - Service method WorkoutSetService.findAll() executed in 5 ms
2026-04-30 03:49:31.090 DEBUG [http-nio-8080-exec-9] org.hibernate.SQL - 
    select
        e1_0.id,
        c1_0.exercise_id,
        c1_1.id,
        c1_1.name,
        e1_0.description,
        e1_0.name 
    from
        exercises e1_0 
    left join
        exercise_categories c1_0 
            on e1_0.id=c1_0.exercise_id 
    left join
        categories c1_1 
            on c1_1.id=c1_0.category_id
2026-04-30 03:49:31.090 DEBUG [http-nio-8080-exec-7] org.hibernate.SQL - 
    select
        w1_0.id,
        w1_0.name,
        u1_0.id,
        u1_0.email,
        u1_0.username,
        w1_0.workout_date 
    from
        workouts w1_0 
    left join
        users u1_0 
            on u1_0.id=w1_0.user_id
2026-04-30 03:49:31.090 DEBUG [http-nio-8080-exec-10] org.hibernate.SQL - 
    select
        u1_0.id,
        u1_0.email,
        u1_0.username,
        w1_0.user_id,
        w1_0.id,
        w1_0.name,
        w1_0.workout_date 
    from
        users u1_0 
    left join
        workouts w1_0 
            on u1_0.id=w1_0.user_id
2026-04-30 03:49:31.090 INFO  [http-nio-8080-exec-10] c.g.g.a.ServiceExecutionLoggingAspect - Service method UserService.findAll() executed in 0 ms
2026-04-30 03:49:31.090 INFO  [http-nio-8080-exec-7] c.g.g.a.ServiceExecutionLoggingAspect - Service method WorkoutService.findAll() executed in 0 ms
2026-04-30 03:49:31.094 INFO  [http-nio-8080-exec-9] c.g.g.a.ServiceExecutionLoggingAspect - Service method ExerciseService.findAll() executed in 4 ms
2026-04-30 03:49:31.894 DEBUG [http-nio-8080-exec-2] org.hibernate.SQL - 
    select
        w1_0.id,
        w1_0.name,
        w1_0.user_id,
        w1_0.workout_date 
    from
        workouts w1_0 
    where
        w1_0.id=?
2026-04-30 03:49:31.894 DEBUG [http-nio-8080-exec-5] org.hibernate.SQL - 
    select
        c1_0.id,
        c1_0.name 
    from
        categories c1_0
2026-04-30 03:49:31.894 INFO  [http-nio-8080-exec-2] c.g.g.a.ServiceExecutionLoggingAspect - Service method WorkoutService.findById(..) executed in 0 ms
2026-04-30 03:49:31.894 INFO  [http-nio-8080-exec-5] c.g.g.a.ServiceExecutionLoggingAspect - Service method CategoryService.findAll() executed in 0 ms
2026-04-30 03:50:18.536 DEBUG [http-nio-8080-exec-3] org.hibernate.SQL - 
    select
        c1_0.id,
        c1_0.name 
    from
        categories c1_0 
    where
        c1_0.id in (?)
2026-04-30 03:50:18.536 DEBUG [http-nio-8080-exec-3] org.hibernate.SQL - 
    insert 
    into
        exercises
        (description, name) 
    values
        (?, ?)
2026-04-30 03:50:18.536 INFO  [http-nio-8080-exec-3] c.g.g.a.ServiceExecutionLoggingAspect - Service method ExerciseService.create(..) executed in 8 ms
2026-04-30 03:50:18.540 DEBUG [http-nio-8080-exec-3] org.hibernate.SQL - 
    insert 
    into
        exercise_categories
        (exercise_id, category_id) 
    values
        (?, ?)
2026-04-30 03:50:18.553 DEBUG [http-nio-8080-exec-1] org.hibernate.SQL - 
    select
        e1_0.id,
        c1_0.exercise_id,
        c1_1.id,
        c1_1.name,
        e1_0.description,
        e1_0.name 
    from
        exercises e1_0 
    left join
        exercise_categories c1_0 
            on e1_0.id=c1_0.exercise_id 
    left join
        categories c1_1 
            on c1_1.id=c1_0.category_id
2026-04-30 03:50:18.553 INFO  [http-nio-8080-exec-1] c.g.g.a.ServiceExecutionLoggingAspect - Service method ExerciseService.findAll() executed in 0 ms
2026-04-30 03:50:30.666 DEBUG [http-nio-8080-exec-6] org.hibernate.SQL - 
    select
        w1_0.id,
        w1_0.name,
        w1_0.user_id,
        w1_0.workout_date 
    from
        workouts w1_0 
    where
        w1_0.id=?
2026-04-30 03:50:30.673 DEBUG [http-nio-8080-exec-6] org.hibernate.SQL - 
    select
        e1_0.id,
        e1_0.description,
        e1_0.name 
    from
        exercises e1_0 
    where
        e1_0.id=?
2026-04-30 03:50:30.675 DEBUG [http-nio-8080-exec-6] org.hibernate.SQL - 
    insert 
    into
        workout_sets
        (exercise_id, name, reps, weight, workout_id) 
    values
        (?, ?, ?, ?, ?)
2026-04-30 03:50:30.675 DEBUG [http-nio-8080-exec-6] c.g.g.service.WorkoutSetService - WorkoutSet search cache invalidated. Entries before clear: 0
2026-04-30 03:50:30.675 INFO  [http-nio-8080-exec-6] c.g.g.a.ServiceExecutionLoggingAspect - Service method WorkoutSetService.create(..) executed in 9 ms
2026-04-30 03:50:30.682 DEBUG [http-nio-8080-exec-4] org.hibernate.SQL - 
    select
        ws1_0.id,
        e1_0.id,
        e1_0.description,
        e1_0.name,
        ws1_0.name,
        ws1_0.reps,
        ws1_0.weight,
        w1_0.id,
        w1_0.name,
        w1_0.user_id,
        w1_0.workout_date 
    from
        workout_sets ws1_0 
    left join
        exercises e1_0 
            on e1_0.id=ws1_0.exercise_id 
    left join
        workouts w1_0 
            on w1_0.id=ws1_0.workout_id
2026-04-30 03:50:30.688 INFO  [http-nio-8080-exec-4] c.g.g.a.ServiceExecutionLoggingAspect - Service method WorkoutSetService.findAll() executed in 6 ms
2026-04-30 03:50:38.145 DEBUG [http-nio-8080-exec-8] org.hibernate.SQL - 
    select
        w1_0.id,
        w1_0.name,
        u1_0.id,
        u1_0.email,
        u1_0.username,
        w1_0.workout_date 
    from
        workouts w1_0 
    left join
        users u1_0 
            on u1_0.id=w1_0.user_id
2026-04-30 03:50:38.145 DEBUG [http-nio-8080-exec-7] org.hibernate.SQL - 
    select
        u1_0.id,
        u1_0.email,
        u1_0.username,
        w1_0.user_id,
        w1_0.id,
        w1_0.name,
        w1_0.workout_date 
    from
        users u1_0 
    left join
        workouts w1_0 
            on u1_0.id=w1_0.user_id
2026-04-30 03:50:38.145 INFO  [http-nio-8080-exec-8] c.g.g.a.ServiceExecutionLoggingAspect - Service method WorkoutService.findAll() executed in 0 ms
2026-04-30 03:50:38.145 INFO  [http-nio-8080-exec-7] c.g.g.a.ServiceExecutionLoggingAspect - Service method UserService.findAll() executed in 0 ms
2026-04-30 03:50:40.326 DEBUG [http-nio-8080-exec-10] org.hibernate.SQL - 
    select
        w1_0.id,
        w1_0.name,
        w1_0.user_id,
        w1_0.workout_date 
    from
        workouts w1_0 
    where
        w1_0.id=?
2026-04-30 03:50:40.326 DEBUG [http-nio-8080-exec-9] org.hibernate.SQL - 
    select
        c1_0.id,
        c1_0.name 
    from
        categories c1_0
2026-04-30 03:50:40.326 INFO  [http-nio-8080-exec-9] c.g.g.a.ServiceExecutionLoggingAspect - Service method CategoryService.findAll() executed in 0 ms
2026-04-30 03:50:40.326 INFO  [http-nio-8080-exec-10] c.g.g.a.ServiceExecutionLoggingAspect - Service method WorkoutService.findById(..) executed in 0 ms
2026-04-30 03:50:45.665 DEBUG [http-nio-8080-exec-5] org.hibernate.SQL - 
    select
        w1_0.id,
        w1_0.name,
        w1_0.user_id,
        w1_0.workout_date 
    from
        workouts w1_0 
    where
        w1_0.id=?
2026-04-30 03:50:45.665 INFO  [http-nio-8080-exec-5] c.g.g.a.ServiceExecutionLoggingAspect - Service method WorkoutService.findById(..) executed in 4 ms
2026-04-30 03:50:48.836 DEBUG [http-nio-8080-exec-2] org.hibernate.SQL - 
    select
        w1_0.id,
        w1_0.name,
        w1_0.user_id,
        w1_0.workout_date 
    from
        workouts w1_0 
    where
        w1_0.id=?
2026-04-30 03:50:48.836 DEBUG [http-nio-8080-exec-3] org.hibernate.SQL - 
    select
        e1_0.id,
        c1_0.exercise_id,
        c1_1.id,
        c1_1.name,
        e1_0.description,
        e1_0.name 
    from
        exercises e1_0 
    left join
        exercise_categories c1_0 
            on e1_0.id=c1_0.exercise_id 
    left join
        categories c1_1 
            on c1_1.id=c1_0.category_id
2026-04-30 03:50:48.836 INFO  [http-nio-8080-exec-2] c.g.g.a.ServiceExecutionLoggingAspect - Service method WorkoutService.findById(..) executed in 0 ms
2026-04-30 03:50:48.836 INFO  [http-nio-8080-exec-3] c.g.g.a.ServiceExecutionLoggingAspect - Service method ExerciseService.findAll() executed in 0 ms
2026-04-30 03:51:05.774 DEBUG [http-nio-8080-exec-1] org.hibernate.SQL - 
    select
        w1_0.id,
        w1_0.name,
        w1_0.user_id,
        w1_0.workout_date 
    from
        workouts w1_0 
    where
        w1_0.id=?
2026-04-30 03:51:05.776 DEBUG [http-nio-8080-exec-1] org.hibernate.SQL - 
    select
        e1_0.id,
        e1_0.description,
        e1_0.name 
    from
        exercises e1_0 
    where
        e1_0.id=?
2026-04-30 03:51:05.776 DEBUG [http-nio-8080-exec-1] org.hibernate.SQL - 
    insert 
    into
        workout_sets
        (exercise_id, name, reps, weight, workout_id) 
    values
        (?, ?, ?, ?, ?)
2026-04-30 03:51:05.779 DEBUG [http-nio-8080-exec-1] c.g.g.service.WorkoutSetService - WorkoutSet search cache invalidated. Entries before clear: 0
2026-04-30 03:51:05.779 INFO  [http-nio-8080-exec-1] c.g.g.a.ServiceExecutionLoggingAspect - Service method WorkoutSetService.create(..) executed in 5 ms
2026-04-30 03:51:05.790 DEBUG [http-nio-8080-exec-6] org.hibernate.SQL - 
    select
        ws1_0.id,
        e1_0.id,
        e1_0.description,
        e1_0.name,
        ws1_0.name,
        ws1_0.reps,
        ws1_0.weight,
        w1_0.id,
        w1_0.name,
        w1_0.user_id,
        w1_0.workout_date 
    from
        workout_sets ws1_0 
    left join
        exercises e1_0 
            on e1_0.id=ws1_0.exercise_id 
    left join
        workouts w1_0 
            on w1_0.id=ws1_0.workout_id
2026-04-30 03:51:05.793 INFO  [http-nio-8080-exec-6] c.g.g.a.ServiceExecutionLoggingAspect - Service method WorkoutSetService.findAll() executed in 3 ms
2026-04-30 03:51:13.812 DEBUG [http-nio-8080-exec-8] org.hibernate.SQL - 
    select
        u1_0.id,
        u1_0.email,
        u1_0.username,
        w1_0.user_id,
        w1_0.id,
        w1_0.name,
        w1_0.workout_date 
    from
        users u1_0 
    left join
        workouts w1_0 
            on u1_0.id=w1_0.user_id
2026-04-30 03:51:13.812 DEBUG [http-nio-8080-exec-4] org.hibernate.SQL - 
    select
        w1_0.id,
        w1_0.name,
        u1_0.id,
        u1_0.email,
        u1_0.username,
        w1_0.workout_date 
    from
        workouts w1_0 
    left join
        users u1_0 
            on u1_0.id=w1_0.user_id
2026-04-30 03:51:13.815 INFO  [http-nio-8080-exec-8] c.g.g.a.ServiceExecutionLoggingAspect - Service method UserService.findAll() executed in 4 ms
2026-04-30 03:51:13.815 INFO  [http-nio-8080-exec-4] c.g.g.a.ServiceExecutionLoggingAspect - Service method WorkoutService.findAll() executed in 4 ms
2026-04-30 03:51:15.922 INFO  [SpringApplicationShutdownHook] o.s.o.j.LocalContainerEntityManagerFactoryBean - Closing JPA EntityManagerFactory for persistence unit 'default'
2026-04-30 03:51:15.923 INFO  [SpringApplicationShutdownHook] com.zaxxer.hikari.HikariDataSource - HikariPool-1 - Shutdown initiated...
2026-04-30 03:51:15.929 INFO  [SpringApplicationShutdownHook] com.zaxxer.hikari.HikariDataSource - HikariPool-1 - Shutdown completed.
